<?xml version="1.0" encoding="UTF-8"?>
<!-- Generated by org.testng.reporters.JUnitReportReporter -->
<testsuite skipped="0" hostname="Work" name="aug.Interview" tests="2" failures="0" timestamp="2020-12-02T12:20:57 IST" time="0.014" errors="0">
  <testcase name="com" time="0.003" classname="aug.Interview"/>
  <system-out/>
  <testcase name="build" time="0.011" classname="aug.Interview"/>
  <system-out/>
</testsuite> <!-- aug.Interview -->
